[2026-03-02 11:07:38] Ace Bridge Watcher started
[2026-03-02 11:07:38] Watching: /Users/averykeller/ace-bridge/commands
[2026-03-02 11:07:38] Results: /Users/averykeller/ace-bridge/results
[2026-03-02 11:07:38] Press Ctrl+C to stop
[2026-03-02 11:07:38] Processing command example-command-001: help
[2026-03-02 11:07:38] Executing: ace help
[2026-03-02 11:07:38] Command example-command-001 completed. Result: False
[2026-03-02 11:08:02] Results pushed to GitHub
[2026-03-02 11:08:08] Results pushed to GitHub
[2026-03-02 11:08:14] Results pushed to GitHub
[2026-03-02 11:08:20] Results pushed to GitHub
[2026-03-02 11:08:26] Results pushed to GitHub
[2026-03-02 11:08:32] Results pushed to GitHub
[2026-03-02 11:08:37] Results pushed to GitHub
[2026-03-02 11:08:43] Results pushed to GitHub
[2026-03-02 11:08:49] Results pushed to GitHub
[2026-03-02 11:08:55] Results pushed to GitHub
[2026-03-02 11:09:01] Results pushed to GitHub
[2026-03-02 11:09:06] Results pushed to GitHub
[2026-03-02 11:09:12] Results pushed to GitHub
[2026-03-02 11:09:18] Results pushed to GitHub
[2026-03-02 11:09:24] Results pushed to GitHub
[2026-03-02 11:09:30] Results pushed to GitHub
[2026-03-02 11:09:36] Results pushed to GitHub
[2026-03-02 11:09:42] Results pushed to GitHub
[2026-03-02 11:09:52] Results pushed to GitHub
[2026-03-02 11:09:58] Results pushed to GitHub
[2026-03-02 11:10:04] Results pushed to GitHub
[2026-03-02 11:10:10] Results pushed to GitHub
[2026-03-02 11:10:16] Results pushed to GitHub
[2026-03-02 11:10:21] Results pushed to GitHub
[2026-03-02 11:10:27] Results pushed to GitHub
[2026-03-02 11:10:34] Results pushed to GitHub
[2026-03-02 11:10:40] Results pushed to GitHub
[2026-03-02 11:10:46] Results pushed to GitHub
