[main 62dbdc61] Results update 2026-03-27T11:09:21.336927
 Committer: Avery keller <averykeller@Averys-MacBook-Air-2.local>
Your name and email address were configured automatically based
on your username and hostname. Please check that they are accurate.
You can suppress this message by setting them explicitly:

    git config --global user.name "Your Name"
    git config --global user.email you@example.com

After doing this, you may fix the identity used for this commit with:

    git commit --amend --reset-author

 3 files changed, 4 insertions(+)
 create mode 100644 logs/watcher-error.log
 create mode 100644 logs/watcher.log
[main 1260fa70] Results update 2026-03-27T11:09:27.275196
 Committer: Avery keller <averykeller@Averys-MacBook-Air-2.local>
Your name and email address were configured automatically based
on your username and hostname. Please check that they are accurate.
You can suppress this message by setting them explicitly:

    git config --global user.name "Your Name"
    git config --global user.email you@example.com

After doing this, you may fix the identity used for this commit with:

    git commit --amend --reset-author

 3 files changed, 19 insertions(+)
[main 772cd5da] Results update 2026-03-27T11:09:33.199470
 Committer: Avery keller <averykeller@Averys-MacBook-Air-2.local>
Your name and email address were configured automatically based
on your username and hostname. Please check that they are accurate.
You can suppress this message by setting them explicitly:

    git config --global user.name "Your Name"
    git config --global user.email you@example.com

After doing this, you may fix the identity used for this commit with:

    git commit --amend --reset-author

 3 files changed, 17 insertions(+)
[main 63300577] Results update 2026-03-27T11:09:39.090270
 Committer: Avery keller <averykeller@Averys-MacBook-Air-2.local>
Your name and email address were configured automatically based
on your username and hostname. Please check that they are accurate.
You can suppress this message by setting them explicitly:

    git config --global user.name "Your Name"
    git config --global user.email you@example.com

After doing this, you may fix the identity used for this commit with:

    git commit --amend --reset-author

 3 files changed, 17 insertions(+)
[main 178eb06a] Results update 2026-03-27T11:09:45.083317
 Committer: Avery keller <averykeller@Averys-MacBook-Air-2.local>
Your name and email address were configured automatically based
on your username and hostname. Please check that they are accurate.
You can suppress this message by setting them explicitly:

    git config --global user.name "Your Name"
    git config --global user.email you@example.com

After doing this, you may fix the identity used for this commit with:

    git commit --amend --reset-author

 3 files changed, 17 insertions(+)
[main 248ae82a] Results update 2026-03-27T11:09:50.950817
 Committer: Avery keller <averykeller@Averys-MacBook-Air-2.local>
Your name and email address were configured automatically based
on your username and hostname. Please check that they are accurate.
You can suppress this message by setting them explicitly:

    git config --global user.name "Your Name"
    git config --global user.email you@example.com

After doing this, you may fix the identity used for this commit with:

    git commit --amend --reset-author

 3 files changed, 17 insertions(+)
[main bcf0f80c] Results update 2026-03-27T11:09:57.071368
 Committer: Avery keller <averykeller@Averys-MacBook-Air-2.local>
Your name and email address were configured automatically based
on your username and hostname. Please check that they are accurate.
You can suppress this message by setting them explicitly:

    git config --global user.name "Your Name"
    git config --global user.email you@example.com

After doing this, you may fix the identity used for this commit with:

    git commit --amend --reset-author

 3 files changed, 17 insertions(+)
[main 24791a4d] Results update 2026-03-27T11:10:03.072780
 Committer: Avery keller <averykeller@Averys-MacBook-Air-2.local>
Your name and email address were configured automatically based
on your username and hostname. Please check that they are accurate.
You can suppress this message by setting them explicitly:

    git config --global user.name "Your Name"
    git config --global user.email you@example.com

After doing this, you may fix the identity used for this commit with:

    git commit --amend --reset-author

 3 files changed, 17 insertions(+)
[main 9da5d5e1] Results update 2026-03-27T11:10:09.052056
 Committer: Avery keller <averykeller@Averys-MacBook-Air-2.local>
Your name and email address were configured automatically based
on your username and hostname. Please check that they are accurate.
You can suppress this message by setting them explicitly:

    git config --global user.name "Your Name"
    git config --global user.email you@example.com

After doing this, you may fix the identity used for this commit with:

    git commit --amend --reset-author

 3 files changed, 17 insertions(+)
[main bdb2faea] Results update 2026-03-27T11:10:15.100689
 Committer: Avery keller <averykeller@Averys-MacBook-Air-2.local>
Your name and email address were configured automatically based
on your username and hostname. Please check that they are accurate.
You can suppress this message by setting them explicitly:

    git config --global user.name "Your Name"
    git config --global user.email you@example.com

After doing this, you may fix the identity used for this commit with:

    git commit --amend --reset-author

 3 files changed, 17 insertions(+)
[main 740b24a0] Results update 2026-03-27T11:10:21.117982
 Committer: Avery keller <averykeller@Averys-MacBook-Air-2.local>
Your name and email address were configured automatically based
on your username and hostname. Please check that they are accurate.
You can suppress this message by setting them explicitly:

    git config --global user.name "Your Name"
    git config --global user.email you@example.com

After doing this, you may fix the identity used for this commit with:

    git commit --amend --reset-author

 3 files changed, 17 insertions(+)
[main aea36826] Results update 2026-03-27T11:10:27.190216
 Committer: Avery keller <averykeller@Averys-MacBook-Air-2.local>
Your name and email address were configured automatically based
on your username and hostname. Please check that they are accurate.
You can suppress this message by setting them explicitly:

    git config --global user.name "Your Name"
    git config --global user.email you@example.com

After doing this, you may fix the identity used for this commit with:

    git commit --amend --reset-author

 3 files changed, 17 insertions(+)
[main e3658ade] Results update 2026-03-27T11:10:33.138578
 Committer: Avery keller <averykeller@Averys-MacBook-Air-2.local>
Your name and email address were configured automatically based
on your username and hostname. Please check that they are accurate.
You can suppress this message by setting them explicitly:

    git config --global user.name "Your Name"
    git config --global user.email you@example.com

After doing this, you may fix the identity used for this commit with:

    git commit --amend --reset-author

 3 files changed, 17 insertions(+)
[main 178a03bf] Results update 2026-03-27T11:10:39.346715
 Committer: Avery keller <averykeller@Averys-MacBook-Air-2.local>
Your name and email address were configured automatically based
on your username and hostname. Please check that they are accurate.
You can suppress this message by setting them explicitly:

    git config --global user.name "Your Name"
    git config --global user.email you@example.com

After doing this, you may fix the identity used for this commit with:

    git commit --amend --reset-author

 3 files changed, 17 insertions(+)
