[2026-03-27 10:36:37] Processing command test-001: open
[2026-03-27 10:36:37] Sending to Ace: open https://www.google.com
[2026-03-27 10:36:38] Processing command test-001: open
[2026-03-27 10:36:38] Sending to Ace: open https://www.google.com
[2026-03-27 10:36:42] Command test-001 completed. Result: True
[2026-03-27 10:36:43] Error processing command: [Errno 2] No such file or directory: '/Users/averykeller/ace-bridge/commands/test-001.json' -> '/Users/averykeller/ace-bridge/commands/processed/test-001.json'
[2026-03-27 10:36:43] Results pushed to GitHub
[2026-03-27 10:36:48] Processing command delete-agent-001: Click on the Maestro app to make sure it is in focus. In the left sidebar, right-click on the text 'Sakur radio'. When the context menu appears, click Delete.
[2026-03-27 10:36:48] Sending to Ace: Click on the Maestro app to make sure it is in focus. In the left sidebar, right-click on the text 'Sakur radio'. When the context menu appears, click Delete.
[2026-03-27 10:36:48] Processing command delete-agent-001: Click on the Maestro app to make sure it is in focus. In the left sidebar, right-click on the text 'Sakur radio'. When the context menu appears, click Delete.
[2026-03-27 10:36:48] Sending to Ace: Click on the Maestro app to make sure it is in focus. In the left sidebar, right-click on the text 'Sakur radio'. When the context menu appears, click Delete.
[2026-03-27 10:36:53] Command delete-agent-001 completed. Result: True
[2026-03-27 10:36:53] Error processing command: [Errno 2] No such file or directory: '/Users/averykeller/ace-bridge/commands/delete-agent-001.json' -> '/Users/averykeller/ace-bridge/commands/processed/delete-agent-001.json'
[2026-03-27 10:36:54] Results pushed to GitHub
[2026-03-27 10:37:00] Results pushed to GitHub
[2026-03-27 10:37:05] Results pushed to GitHub
[2026-03-27 10:37:11] Results pushed to GitHub
[2026-03-27 10:37:16] Results pushed to GitHub
[2026-03-27 10:37:22] Results pushed to GitHub
[2026-03-27 10:37:27] Processing command delete-agent-002: The Maestro app is open. On the LEFT side panel there is a list of agents. The first agent listed is 'Sakur radio'. Right-click specifically on that text in the LEFT SIDEBAR of Maestro (not in the menu bar, not in the chat area - in the sidebar on the far left of the Maestro window). A menu should appear with a Delete option. Click Delete.
[2026-03-27 10:37:27] Sending to Ace: The Maestro app is open. On the LEFT side panel there is a list of agents. The first agent listed is 'Sakur radio'. Right-click specifically on that text in the LEFT SIDEBAR of Maestro (not in the menu bar, not in the chat area - in the sidebar on the far left of the Maestro window). A menu should appear with a Delete option. Click Delete.
[2026-03-27 10:37:27] Processing command delete-agent-002: The Maestro app is open. On the LEFT side panel there is a list of agents. The first agent listed is 'Sakur radio'. Right-click specifically on that text in the LEFT SIDEBAR of Maestro (not in the menu bar, not in the chat area - in the sidebar on the far left of the Maestro window). A menu should appear with a Delete option. Click Delete.
[2026-03-27 10:37:27] Sending to Ace: The Maestro app is open. On the LEFT side panel there is a list of agents. The first agent listed is 'Sakur radio'. Right-click specifically on that text in the LEFT SIDEBAR of Maestro (not in the menu bar, not in the chat area - in the sidebar on the far left of the Maestro window). A menu should appear with a Delete option. Click Delete.
[2026-03-27 10:37:31] Command delete-agent-002 completed. Result: True
